[debug] [2025-07-15T22:18:59.644Z] ----------------------------------------------------------------------
[debug] [2025-07-15T22:18:59.645Z] Command:       /Users/aman/.nvm/versions/node/v22.12.0/bin/node /Users/aman/.nvm/versions/node/v22.12.0/bin/firebase init
[debug] [2025-07-15T22:18:59.645Z] CLI Version:   14.10.1
[debug] [2025-07-15T22:18:59.645Z] Platform:      darwin
[debug] [2025-07-15T22:18:59.645Z] Node Version:  v22.12.0
[debug] [2025-07-15T22:18:59.645Z] Time:          Tue Jul 15 2025 15:18:59 GMT-0700 (Pacific Daylight Time)
[debug] [2025-07-15T22:18:59.645Z] ----------------------------------------------------------------------
[debug] 
[debug] [2025-07-15T22:18:59.730Z] > command requires scopes: ["email","openid","https://www.googleapis.com/auth/cloudplatformprojects.readonly","https://www.googleapis.com/auth/firebase","https://www.googleapis.com/auth/cloud-platform"]
[debug] [2025-07-15T22:18:59.730Z] > authorizing via signed-in user (amannindra@gmail.com)
[info] 
     ######## #### ########  ######## ########     ###     ######  ########
     ##        ##  ##     ## ##       ##     ##  ##   ##  ##       ##
     ######    ##  ########  ######   ########  #########  ######  ######
     ##        ##  ##    ##  ##       ##     ## ##     ##       ## ##
     ##       #### ##     ## ######## ########  ##     ##  ######  ########

You're about to initialize a Firebase project in this directory:

  /Users/aman/Stuff/Programming/portfolio

Before we get started, keep in mind:

  * You are initializing within an existing Firebase project directory

[info] 
=== Project Setup
[info] 
[info] First, let's associate this project directory with a Firebase project.
[info] You can create multiple project aliases by running firebase use --add, 
[info] but for now we'll just set up a default project.
[info] 
[debug] [2025-07-15T22:19:12.879Z] Using project from CLI flag: portfolio-66d3d
[debug] [2025-07-15T22:19:12.880Z] Checked if tokens are valid: true, expires at: 1752620086704
[debug] [2025-07-15T22:19:12.880Z] Checked if tokens are valid: true, expires at: 1752620086704
[debug] [2025-07-15T22:19:12.882Z] >>> [apiv2][query] GET https://firebase.googleapis.com/v1beta1/projects/portfolio-66d3d [none]
[debug] [2025-07-15T22:19:13.117Z] <<< [apiv2][status] GET https://firebase.googleapis.com/v1beta1/projects/portfolio-66d3d 200
[debug] [2025-07-15T22:19:13.117Z] <<< [apiv2][body] GET https://firebase.googleapis.com/v1beta1/projects/portfolio-66d3d {"projectId":"portfolio-66d3d","projectNumber":"719595178125","displayName":"portfolio","name":"projects/portfolio-66d3d","resources":{"hostingSite":"portfolio-66d3d"},"state":"ACTIVE","etag":"1_ed36a8c7-446f-46aa-8036-dc27213755c3"}
[info] i  Using project portfolio-66d3d (portfolio) 
[info] 
=== Hosting Setup
[debug] [2025-07-15T22:19:13.128Z] Checked if tokens are valid: true, expires at: 1752620086704
[debug] [2025-07-15T22:19:13.128Z] Checked if tokens are valid: true, expires at: 1752620086704
[debug] [2025-07-15T22:19:13.129Z] >>> [apiv2][query] GET https://firebase.googleapis.com/v1beta1/projects/portfolio-66d3d [none]
[debug] [2025-07-15T22:19:13.264Z] <<< [apiv2][status] GET https://firebase.googleapis.com/v1beta1/projects/portfolio-66d3d 200
[debug] [2025-07-15T22:19:13.264Z] <<< [apiv2][body] GET https://firebase.googleapis.com/v1beta1/projects/portfolio-66d3d {"projectId":"portfolio-66d3d","projectNumber":"719595178125","displayName":"portfolio","name":"projects/portfolio-66d3d","resources":{"hostingSite":"portfolio-66d3d"},"state":"ACTIVE","etag":"1_ed36a8c7-446f-46aa-8036-dc27213755c3"}
[info] 
[info] Your public directory is the folder (relative to your project directory) that
[info] will contain Hosting assets to be uploaded with firebase deploy. If you
[info] have a build process for your assets, use your build's output directory.
[info] 
